CRITICAL - 2022-04-22 03:40:16 --> Undefined constant "undefined"
#0 C:\xampp\htdocs\bargou\vendor\codeigniter4\framework\system\View\View.php(210): include()
#1 C:\xampp\htdocs\bargou\vendor\codeigniter4\framework\system\View\View.php(213): CodeIgniter\View\View->CodeIgniter\View\{closure}()
#2 C:\xampp\htdocs\bargou\vendor\codeigniter4\framework\system\Common.php(1089): CodeIgniter\View\View->render('add-request', Array, true)
#3 C:\xampp\htdocs\bargou\app\Controllers\Request.php(27): view('add-request')
#4 C:\xampp\htdocs\bargou\vendor\codeigniter4\framework\system\CodeIgniter.php(825): App\Controllers\Request->create()
#5 C:\xampp\htdocs\bargou\vendor\codeigniter4\framework\system\CodeIgniter.php(412): CodeIgniter\CodeIgniter->runController(Object(App\Controllers\Request))
#6 C:\xampp\htdocs\bargou\vendor\codeigniter4\framework\system\CodeIgniter.php(320): CodeIgniter\CodeIgniter->handleRequest(NULL, Object(Config\Cache), false)
#7 C:\xampp\htdocs\bargou\public\index.php(37): CodeIgniter\CodeIgniter->run()
#8 C:\xampp\htdocs\bargou\vendor\codeigniter4\framework\system\Commands\Server\rewrite.php(43): require_once('C:\\xampp\\htdocs...')
#9 {main}
CRITICAL - 2022-04-22 03:50:20 --> view(): Argument #2 ($data) must be of type array, string given, called in C:\xampp\htdocs\bargou\app\Controllers\Request.php on line 38
#0 C:\xampp\htdocs\bargou\app\Controllers\Request.php(38): view('add-request', '{"temp":"Reques...')
#1 C:\xampp\htdocs\bargou\vendor\codeigniter4\framework\system\CodeIgniter.php(825): App\Controllers\Request->edit('2')
#2 C:\xampp\htdocs\bargou\vendor\codeigniter4\framework\system\CodeIgniter.php(412): CodeIgniter\CodeIgniter->runController(Object(App\Controllers\Request))
#3 C:\xampp\htdocs\bargou\vendor\codeigniter4\framework\system\CodeIgniter.php(320): CodeIgniter\CodeIgniter->handleRequest(NULL, Object(Config\Cache), false)
#4 C:\xampp\htdocs\bargou\public\index.php(37): CodeIgniter\CodeIgniter->run()
#5 C:\xampp\htdocs\bargou\vendor\codeigniter4\framework\system\Commands\Server\rewrite.php(43): require_once('C:\\xampp\\htdocs...')
#6 {main}
CRITICAL - 2022-04-22 03:50:54 --> view(): Argument #2 ($data) must be of type array, string given, called in C:\xampp\htdocs\bargou\app\Controllers\Request.php on line 38
#0 C:\xampp\htdocs\bargou\app\Controllers\Request.php(38): view('add-request', '{"ID":"2","Send...')
#1 C:\xampp\htdocs\bargou\vendor\codeigniter4\framework\system\CodeIgniter.php(825): App\Controllers\Request->edit('2')
#2 C:\xampp\htdocs\bargou\vendor\codeigniter4\framework\system\CodeIgniter.php(412): CodeIgniter\CodeIgniter->runController(Object(App\Controllers\Request))
#3 C:\xampp\htdocs\bargou\vendor\codeigniter4\framework\system\CodeIgniter.php(320): CodeIgniter\CodeIgniter->handleRequest(NULL, Object(Config\Cache), false)
#4 C:\xampp\htdocs\bargou\public\index.php(37): CodeIgniter\CodeIgniter->run()
#5 C:\xampp\htdocs\bargou\vendor\codeigniter4\framework\system\Commands\Server\rewrite.php(43): require_once('C:\\xampp\\htdocs...')
#6 {main}
CRITICAL - 2022-04-22 03:53:19 --> Array to string conversion
#0 C:\xampp\htdocs\bargou\app\Views\add-request.php(4): CodeIgniter\Debug\Exceptions->errorHandler(2, 'Array to string...', 'C:\\xampp\\htdocs...', 4)
#1 C:\xampp\htdocs\bargou\vendor\codeigniter4\framework\system\View\View.php(210): include('C:\\xampp\\htdocs...')
#2 C:\xampp\htdocs\bargou\vendor\codeigniter4\framework\system\View\View.php(213): CodeIgniter\View\View->CodeIgniter\View\{closure}()
#3 C:\xampp\htdocs\bargou\vendor\codeigniter4\framework\system\Common.php(1089): CodeIgniter\View\View->render('add-request', Array, true)
#4 C:\xampp\htdocs\bargou\app\Controllers\Request.php(38): view('add-request', Array)
#5 C:\xampp\htdocs\bargou\vendor\codeigniter4\framework\system\CodeIgniter.php(825): App\Controllers\Request->edit('2')
#6 C:\xampp\htdocs\bargou\vendor\codeigniter4\framework\system\CodeIgniter.php(412): CodeIgniter\CodeIgniter->runController(Object(App\Controllers\Request))
#7 C:\xampp\htdocs\bargou\vendor\codeigniter4\framework\system\CodeIgniter.php(320): CodeIgniter\CodeIgniter->handleRequest(NULL, Object(Config\Cache), false)
#8 C:\xampp\htdocs\bargou\public\index.php(37): CodeIgniter\CodeIgniter->run()
#9 C:\xampp\htdocs\bargou\vendor\codeigniter4\framework\system\Commands\Server\rewrite.php(43): require_once('C:\\xampp\\htdocs...')
#10 {main}
CRITICAL - 2022-04-22 04:02:00 --> Undefined variable $request
#0 C:\xampp\htdocs\bargou\app\Views\add-request.php(3): CodeIgniter\Debug\Exceptions->errorHandler(2, 'Undefined varia...', 'C:\\xampp\\htdocs...', 3)
#1 C:\xampp\htdocs\bargou\vendor\codeigniter4\framework\system\View\View.php(210): include('C:\\xampp\\htdocs...')
#2 C:\xampp\htdocs\bargou\vendor\codeigniter4\framework\system\View\View.php(213): CodeIgniter\View\View->CodeIgniter\View\{closure}()
#3 C:\xampp\htdocs\bargou\vendor\codeigniter4\framework\system\Common.php(1089): CodeIgniter\View\View->render('add-request', Array, true)
#4 C:\xampp\htdocs\bargou\app\Controllers\Request.php(38): view('add-request', Array)
#5 C:\xampp\htdocs\bargou\vendor\codeigniter4\framework\system\CodeIgniter.php(825): App\Controllers\Request->edit('2')
#6 C:\xampp\htdocs\bargou\vendor\codeigniter4\framework\system\CodeIgniter.php(412): CodeIgniter\CodeIgniter->runController(Object(App\Controllers\Request))
#7 C:\xampp\htdocs\bargou\vendor\codeigniter4\framework\system\CodeIgniter.php(320): CodeIgniter\CodeIgniter->handleRequest(NULL, Object(Config\Cache), false)
#8 C:\xampp\htdocs\bargou\public\index.php(37): CodeIgniter\CodeIgniter->run()
#9 C:\xampp\htdocs\bargou\vendor\codeigniter4\framework\system\Commands\Server\rewrite.php(43): require_once('C:\\xampp\\htdocs...')
#10 {main}
CRITICAL - 2022-04-22 04:02:38 --> Undefined variable $request
#0 C:\xampp\htdocs\bargou\app\Views\add-request.php(3): CodeIgniter\Debug\Exceptions->errorHandler(2, 'Undefined varia...', 'C:\\xampp\\htdocs...', 3)
#1 C:\xampp\htdocs\bargou\vendor\codeigniter4\framework\system\View\View.php(210): include('C:\\xampp\\htdocs...')
#2 C:\xampp\htdocs\bargou\vendor\codeigniter4\framework\system\View\View.php(213): CodeIgniter\View\View->CodeIgniter\View\{closure}()
#3 C:\xampp\htdocs\bargou\vendor\codeigniter4\framework\system\Common.php(1089): CodeIgniter\View\View->render('add-request', Array, true)
#4 C:\xampp\htdocs\bargou\app\Controllers\Request.php(38): view('add-request', Array)
#5 C:\xampp\htdocs\bargou\vendor\codeigniter4\framework\system\CodeIgniter.php(825): App\Controllers\Request->edit('2')
#6 C:\xampp\htdocs\bargou\vendor\codeigniter4\framework\system\CodeIgniter.php(412): CodeIgniter\CodeIgniter->runController(Object(App\Controllers\Request))
#7 C:\xampp\htdocs\bargou\vendor\codeigniter4\framework\system\CodeIgniter.php(320): CodeIgniter\CodeIgniter->handleRequest(NULL, Object(Config\Cache), false)
#8 C:\xampp\htdocs\bargou\public\index.php(37): CodeIgniter\CodeIgniter->run()
#9 C:\xampp\htdocs\bargou\vendor\codeigniter4\framework\system\Commands\Server\rewrite.php(43): require_once('C:\\xampp\\htdocs...')
#10 {main}
CRITICAL - 2022-04-22 04:03:24 --> Undefined variable $request
#0 C:\xampp\htdocs\bargou\app\Views\add-request.php(3): CodeIgniter\Debug\Exceptions->errorHandler(2, 'Undefined varia...', 'C:\\xampp\\htdocs...', 3)
#1 C:\xampp\htdocs\bargou\vendor\codeigniter4\framework\system\View\View.php(210): include('C:\\xampp\\htdocs...')
#2 C:\xampp\htdocs\bargou\vendor\codeigniter4\framework\system\View\View.php(213): CodeIgniter\View\View->CodeIgniter\View\{closure}()
#3 C:\xampp\htdocs\bargou\vendor\codeigniter4\framework\system\Common.php(1089): CodeIgniter\View\View->render('add-request', Array, true)
#4 C:\xampp\htdocs\bargou\app\Controllers\Request.php(38): view('add-request', Array)
#5 C:\xampp\htdocs\bargou\vendor\codeigniter4\framework\system\CodeIgniter.php(825): App\Controllers\Request->edit('2')
#6 C:\xampp\htdocs\bargou\vendor\codeigniter4\framework\system\CodeIgniter.php(412): CodeIgniter\CodeIgniter->runController(Object(App\Controllers\Request))
#7 C:\xampp\htdocs\bargou\vendor\codeigniter4\framework\system\CodeIgniter.php(320): CodeIgniter\CodeIgniter->handleRequest(NULL, Object(Config\Cache), false)
#8 C:\xampp\htdocs\bargou\public\index.php(37): CodeIgniter\CodeIgniter->run()
#9 C:\xampp\htdocs\bargou\vendor\codeigniter4\framework\system\Commands\Server\rewrite.php(43): require_once('C:\\xampp\\htdocs...')
#10 {main}
CRITICAL - 2022-04-22 04:04:52 --> Undefined variable $request
#0 C:\xampp\htdocs\bargou\app\Views\add-request.php(3): CodeIgniter\Debug\Exceptions->errorHandler(2, 'Undefined varia...', 'C:\\xampp\\htdocs...', 3)
#1 C:\xampp\htdocs\bargou\vendor\codeigniter4\framework\system\View\View.php(210): include('C:\\xampp\\htdocs...')
#2 C:\xampp\htdocs\bargou\vendor\codeigniter4\framework\system\View\View.php(213): CodeIgniter\View\View->CodeIgniter\View\{closure}()
#3 C:\xampp\htdocs\bargou\vendor\codeigniter4\framework\system\Common.php(1089): CodeIgniter\View\View->render('add-request', Array, true)
#4 C:\xampp\htdocs\bargou\app\Controllers\Request.php(38): view('add-request', Array)
#5 C:\xampp\htdocs\bargou\vendor\codeigniter4\framework\system\CodeIgniter.php(825): App\Controllers\Request->edit('2')
#6 C:\xampp\htdocs\bargou\vendor\codeigniter4\framework\system\CodeIgniter.php(412): CodeIgniter\CodeIgniter->runController(Object(App\Controllers\Request))
#7 C:\xampp\htdocs\bargou\vendor\codeigniter4\framework\system\CodeIgniter.php(320): CodeIgniter\CodeIgniter->handleRequest(NULL, Object(Config\Cache), false)
#8 C:\xampp\htdocs\bargou\public\index.php(37): CodeIgniter\CodeIgniter->run()
#9 C:\xampp\htdocs\bargou\vendor\codeigniter4\framework\system\Commands\Server\rewrite.php(43): require_once('C:\\xampp\\htdocs...')
#10 {main}
