CRITICAL - 2022-03-09 10:26:00 --> syntax error, unexpected token "}"
#0 C:\xampp\htdocs\bargou\vendor\codeigniter4\framework\system\Router\Router.php(175): CodeIgniter\Router\Router->autoRoute('driver/add')
#1 C:\xampp\htdocs\bargou\vendor\codeigniter4\framework\system\CodeIgniter.php(719): CodeIgniter\Router\Router->handle('driver/add')
#2 C:\xampp\htdocs\bargou\vendor\codeigniter4\framework\system\CodeIgniter.php(361): CodeIgniter\CodeIgniter->tryToRouteIt(Object(CodeIgniter\Router\RouteCollection))
#3 C:\xampp\htdocs\bargou\vendor\codeigniter4\framework\system\CodeIgniter.php(320): CodeIgniter\CodeIgniter->handleRequest(NULL, Object(Config\Cache), false)
#4 C:\xampp\htdocs\bargou\public\index.php(37): CodeIgniter\CodeIgniter->run()
#5 C:\xampp\htdocs\bargou\vendor\codeigniter4\framework\system\Commands\Server\rewrite.php(43): require_once('C:\\xampp\\htdocs...')
#6 {main}
CRITICAL - 2022-03-09 10:26:37 --> syntax error, unexpected token "}"
#0 C:\xampp\htdocs\bargou\vendor\codeigniter4\framework\system\Router\Router.php(175): CodeIgniter\Router\Router->autoRoute('driver')
#1 C:\xampp\htdocs\bargou\vendor\codeigniter4\framework\system\CodeIgniter.php(719): CodeIgniter\Router\Router->handle('driver')
#2 C:\xampp\htdocs\bargou\vendor\codeigniter4\framework\system\CodeIgniter.php(361): CodeIgniter\CodeIgniter->tryToRouteIt(Object(CodeIgniter\Router\RouteCollection))
#3 C:\xampp\htdocs\bargou\vendor\codeigniter4\framework\system\CodeIgniter.php(320): CodeIgniter\CodeIgniter->handleRequest(NULL, Object(Config\Cache), false)
#4 C:\xampp\htdocs\bargou\public\index.php(37): CodeIgniter\CodeIgniter->run()
#5 C:\xampp\htdocs\bargou\vendor\codeigniter4\framework\system\Commands\Server\rewrite.php(43): require_once('C:\\xampp\\htdocs...')
#6 {main}
CRITICAL - 2022-03-09 10:26:40 --> syntax error, unexpected token "}"
#0 C:\xampp\htdocs\bargou\vendor\codeigniter4\framework\system\Router\Router.php(175): CodeIgniter\Router\Router->autoRoute('driver')
#1 C:\xampp\htdocs\bargou\vendor\codeigniter4\framework\system\CodeIgniter.php(719): CodeIgniter\Router\Router->handle('driver')
#2 C:\xampp\htdocs\bargou\vendor\codeigniter4\framework\system\CodeIgniter.php(361): CodeIgniter\CodeIgniter->tryToRouteIt(Object(CodeIgniter\Router\RouteCollection))
#3 C:\xampp\htdocs\bargou\vendor\codeigniter4\framework\system\CodeIgniter.php(320): CodeIgniter\CodeIgniter->handleRequest(NULL, Object(Config\Cache), false)
#4 C:\xampp\htdocs\bargou\public\index.php(37): CodeIgniter\CodeIgniter->run()
#5 C:\xampp\htdocs\bargou\vendor\codeigniter4\framework\system\Commands\Server\rewrite.php(43): require_once('C:\\xampp\\htdocs...')
#6 {main}
ERROR - 2022-03-09 10:41:09 --> Duplicate entry '0' for key 'PRIMARY'
ERROR - 2022-03-09 10:42:04 --> Duplicate entry '0' for key 'PRIMARY'
ERROR - 2022-03-09 10:42:52 --> Duplicate entry '0' for key 'PRIMARY'
ERROR - 2022-03-09 10:49:46 --> Duplicate entry '0' for key 'PRIMARY'
ERROR - 2022-03-09 10:55:12 --> Duplicate entry '0' for key 'PRIMARY'
ERROR - 2022-03-09 12:19:35 --> Unknown column 'CreatedAt' in 'order clause'
CRITICAL - 2022-03-09 12:19:35 --> Call to a member function getResult() on bool
#0 C:\xampp\htdocs\bargou\vendor\codeigniter4\framework\system\BaseModel.php(584): CodeIgniter\Model->doFindAll(5, 0)
#1 C:\xampp\htdocs\bargou\app\Models\DriverModel.php(55): CodeIgniter\BaseModel->findAll(5, 0)
#2 C:\xampp\htdocs\bargou\app\Controllers\Driver.php(77): App\Models\DriverModel->getWithFilters(Array, Array)
#3 C:\xampp\htdocs\bargou\vendor\codeigniter4\framework\system\CodeIgniter.php(825): App\Controllers\Driver->getAll()
#4 C:\xampp\htdocs\bargou\vendor\codeigniter4\framework\system\CodeIgniter.php(412): CodeIgniter\CodeIgniter->runController(Object(App\Controllers\Driver))
#5 C:\xampp\htdocs\bargou\vendor\codeigniter4\framework\system\CodeIgniter.php(320): CodeIgniter\CodeIgniter->handleRequest(NULL, Object(Config\Cache), false)
#6 C:\xampp\htdocs\bargou\public\index.php(37): CodeIgniter\CodeIgniter->run()
#7 C:\xampp\htdocs\bargou\vendor\codeigniter4\framework\system\Commands\Server\rewrite.php(43): require_once('C:\\xampp\\htdocs...')
#8 {main}
ERROR - 2022-03-09 12:20:19 --> Unknown column 'CreatedAt' in 'order clause'
CRITICAL - 2022-03-09 12:20:19 --> Call to a member function getResult() on bool
#0 C:\xampp\htdocs\bargou\vendor\codeigniter4\framework\system\BaseModel.php(584): CodeIgniter\Model->doFindAll(5, 0)
#1 C:\xampp\htdocs\bargou\app\Models\DriverModel.php(55): CodeIgniter\BaseModel->findAll(5, 0)
#2 C:\xampp\htdocs\bargou\app\Controllers\Driver.php(77): App\Models\DriverModel->getWithFilters(Array, Array)
#3 C:\xampp\htdocs\bargou\vendor\codeigniter4\framework\system\CodeIgniter.php(825): App\Controllers\Driver->getAll()
#4 C:\xampp\htdocs\bargou\vendor\codeigniter4\framework\system\CodeIgniter.php(412): CodeIgniter\CodeIgniter->runController(Object(App\Controllers\Driver))
#5 C:\xampp\htdocs\bargou\vendor\codeigniter4\framework\system\CodeIgniter.php(320): CodeIgniter\CodeIgniter->handleRequest(NULL, Object(Config\Cache), false)
#6 C:\xampp\htdocs\bargou\public\index.php(37): CodeIgniter\CodeIgniter->run()
#7 C:\xampp\htdocs\bargou\vendor\codeigniter4\framework\system\Commands\Server\rewrite.php(43): require_once('C:\\xampp\\htdocs...')
#8 {main}
ERROR - 2022-03-09 12:23:29 --> Unknown column 'CreatedAt' in 'order clause'
CRITICAL - 2022-03-09 12:23:29 --> Unknown column 'CreatedAt' in 'order clause'
#0 C:\xampp\htdocs\bargou\vendor\codeigniter4\framework\system\Database\MySQLi\Connection.php(292): mysqli->query('SELECT *\nFROM `...', 0)
#1 C:\xampp\htdocs\bargou\vendor\codeigniter4\framework\system\Database\BaseConnection.php(670): CodeIgniter\Database\MySQLi\Connection->execute('SELECT *\nFROM `...')
#2 C:\xampp\htdocs\bargou\vendor\codeigniter4\framework\system\Database\BaseConnection.php(598): CodeIgniter\Database\BaseConnection->simpleQuery('SELECT *\nFROM `...')
#3 C:\xampp\htdocs\bargou\vendor\codeigniter4\framework\system\Database\BaseBuilder.php(1455): CodeIgniter\Database\BaseConnection->query('SELECT *\nFROM `...', Array, false)
#4 C:\xampp\htdocs\bargou\vendor\codeigniter4\framework\system\Model.php(183): CodeIgniter\Database\BaseBuilder->get()
#5 C:\xampp\htdocs\bargou\vendor\codeigniter4\framework\system\BaseModel.php(584): CodeIgniter\Model->doFindAll(5, 0)
#6 C:\xampp\htdocs\bargou\app\Models\DriverModel.php(55): CodeIgniter\BaseModel->findAll(5, 0)
#7 C:\xampp\htdocs\bargou\app\Controllers\Driver.php(77): App\Models\DriverModel->getWithFilters(Array, Array)
#8 C:\xampp\htdocs\bargou\vendor\codeigniter4\framework\system\CodeIgniter.php(825): App\Controllers\Driver->getAll()
#9 C:\xampp\htdocs\bargou\vendor\codeigniter4\framework\system\CodeIgniter.php(412): CodeIgniter\CodeIgniter->runController(Object(App\Controllers\Driver))
#10 C:\xampp\htdocs\bargou\vendor\codeigniter4\framework\system\CodeIgniter.php(320): CodeIgniter\CodeIgniter->handleRequest(NULL, Object(Config\Cache), false)
#11 C:\xampp\htdocs\bargou\public\index.php(37): CodeIgniter\CodeIgniter->run()
#12 C:\xampp\htdocs\bargou\vendor\codeigniter4\framework\system\Commands\Server\rewrite.php(43): require_once('C:\\xampp\\htdocs...')
#13 {main}
