CRITICAL - 2022-05-08 19:51:35 --> Undefined array key "TypeOfCertificateSearch"
#0 C:\xampp\htdocs\bargou\app\Models\TruckModel.php(27): CodeIgniter\Debug\Exceptions->errorHandler(2, 'Undefined array...', 'C:\\xampp\\htdocs...', 27)
#1 C:\xampp\htdocs\bargou\app\Controllers\Truck.php(128): App\Models\TruckModel->getCountWithFilters(Array)
#2 C:\xampp\htdocs\bargou\vendor\codeigniter4\framework\system\CodeIgniter.php(832): App\Controllers\Truck->getAll()
#3 C:\xampp\htdocs\bargou\vendor\codeigniter4\framework\system\CodeIgniter.php(419): CodeIgniter\CodeIgniter->runController(Object(App\Controllers\Truck))
#4 C:\xampp\htdocs\bargou\vendor\codeigniter4\framework\system\CodeIgniter.php(326): CodeIgniter\CodeIgniter->handleRequest(NULL, Object(Config\Cache), false)
#5 C:\xampp\htdocs\bargou\public\index.php(37): CodeIgniter\CodeIgniter->run()
#6 C:\xampp\htdocs\bargou\vendor\codeigniter4\framework\system\Commands\Server\rewrite.php(43): require_once('C:\\xampp\\htdocs...')
#7 {main}
CRITICAL - 2022-05-08 19:53:02 --> Undefined variable $pageJS
#0 C:\xampp\htdocs\bargou\app\Views\template\footer.php(20): CodeIgniter\Debug\Exceptions->errorHandler(2, 'Undefined varia...', 'C:\\xampp\\htdocs...', 20)
#1 C:\xampp\htdocs\bargou\vendor\codeigniter4\framework\system\View\View.php(210): include('C:\\xampp\\htdocs...')
#2 C:\xampp\htdocs\bargou\vendor\codeigniter4\framework\system\View\View.php(213): CodeIgniter\View\View->CodeIgniter\View\{closure}()
#3 C:\xampp\htdocs\bargou\vendor\codeigniter4\framework\system\Common.php(1089): CodeIgniter\View\View->render('template/footer', Array, true)
#4 C:\xampp\htdocs\bargou\app\Controllers\Tariff.php(14): view('template/footer')
#5 C:\xampp\htdocs\bargou\vendor\codeigniter4\framework\system\CodeIgniter.php(832): App\Controllers\Tariff->index()
#6 C:\xampp\htdocs\bargou\vendor\codeigniter4\framework\system\CodeIgniter.php(419): CodeIgniter\CodeIgniter->runController(Object(App\Controllers\Tariff))
#7 C:\xampp\htdocs\bargou\vendor\codeigniter4\framework\system\CodeIgniter.php(326): CodeIgniter\CodeIgniter->handleRequest(NULL, Object(Config\Cache), false)
#8 C:\xampp\htdocs\bargou\public\index.php(37): CodeIgniter\CodeIgniter->run()
#9 C:\xampp\htdocs\bargou\vendor\codeigniter4\framework\system\Commands\Server\rewrite.php(43): require_once('C:\\xampp\\htdocs...')
#10 {main}
CRITICAL - 2022-05-08 20:16:09 --> Undefined variable $pageJS
#0 C:\xampp\htdocs\bargou\app\Views\template\footer.php(20): CodeIgniter\Debug\Exceptions->errorHandler(2, 'Undefined varia...', 'C:\\xampp\\htdocs...', 20)
#1 C:\xampp\htdocs\bargou\vendor\codeigniter4\framework\system\View\View.php(210): include('C:\\xampp\\htdocs...')
#2 C:\xampp\htdocs\bargou\vendor\codeigniter4\framework\system\View\View.php(213): CodeIgniter\View\View->CodeIgniter\View\{closure}()
#3 C:\xampp\htdocs\bargou\vendor\codeigniter4\framework\system\Common.php(1089): CodeIgniter\View\View->render('template/footer', Array, true)
#4 C:\xampp\htdocs\bargou\app\Controllers\Tariff.php(14): view('template/footer')
#5 C:\xampp\htdocs\bargou\vendor\codeigniter4\framework\system\CodeIgniter.php(832): App\Controllers\Tariff->index()
#6 C:\xampp\htdocs\bargou\vendor\codeigniter4\framework\system\CodeIgniter.php(419): CodeIgniter\CodeIgniter->runController(Object(App\Controllers\Tariff))
#7 C:\xampp\htdocs\bargou\vendor\codeigniter4\framework\system\CodeIgniter.php(326): CodeIgniter\CodeIgniter->handleRequest(NULL, Object(Config\Cache), false)
#8 C:\xampp\htdocs\bargou\public\index.php(37): CodeIgniter\CodeIgniter->run()
#9 C:\xampp\htdocs\bargou\vendor\codeigniter4\framework\system\Commands\Server\rewrite.php(43): require_once('C:\\xampp\\htdocs...')
#10 {main}
CRITICAL - 2022-05-08 21:40:27 --> Undefined variable $pageJS
#0 C:\xampp\htdocs\bargou\app\Views\template\footer.php(20): CodeIgniter\Debug\Exceptions->errorHandler(2, 'Undefined varia...', 'C:\\xampp\\htdocs...', 20)
#1 C:\xampp\htdocs\bargou\vendor\codeigniter4\framework\system\View\View.php(210): include('C:\\xampp\\htdocs...')
#2 C:\xampp\htdocs\bargou\vendor\codeigniter4\framework\system\View\View.php(213): CodeIgniter\View\View->CodeIgniter\View\{closure}()
#3 C:\xampp\htdocs\bargou\vendor\codeigniter4\framework\system\Common.php(1089): CodeIgniter\View\View->render('template/footer', Array, true)
#4 C:\xampp\htdocs\bargou\app\Controllers\Tariff.php(14): view('template/footer')
#5 C:\xampp\htdocs\bargou\vendor\codeigniter4\framework\system\CodeIgniter.php(832): App\Controllers\Tariff->index()
#6 C:\xampp\htdocs\bargou\vendor\codeigniter4\framework\system\CodeIgniter.php(419): CodeIgniter\CodeIgniter->runController(Object(App\Controllers\Tariff))
#7 C:\xampp\htdocs\bargou\vendor\codeigniter4\framework\system\CodeIgniter.php(326): CodeIgniter\CodeIgniter->handleRequest(NULL, Object(Config\Cache), false)
#8 C:\xampp\htdocs\bargou\public\index.php(37): CodeIgniter\CodeIgniter->run()
#9 C:\xampp\htdocs\bargou\vendor\codeigniter4\framework\system\Commands\Server\rewrite.php(43): require_once('C:\\xampp\\htdocs...')
#10 {main}
CRITICAL - 2022-05-08 21:41:10 --> Undefined variable $pageJS
#0 C:\xampp\htdocs\bargou\app\Views\template\footer.php(20): CodeIgniter\Debug\Exceptions->errorHandler(2, 'Undefined varia...', 'C:\\xampp\\htdocs...', 20)
#1 C:\xampp\htdocs\bargou\vendor\codeigniter4\framework\system\View\View.php(210): include('C:\\xampp\\htdocs...')
#2 C:\xampp\htdocs\bargou\vendor\codeigniter4\framework\system\View\View.php(213): CodeIgniter\View\View->CodeIgniter\View\{closure}()
#3 C:\xampp\htdocs\bargou\vendor\codeigniter4\framework\system\Common.php(1089): CodeIgniter\View\View->render('template/footer', Array, true)
#4 C:\xampp\htdocs\bargou\app\Controllers\Tariff.php(14): view('template/footer')
#5 C:\xampp\htdocs\bargou\vendor\codeigniter4\framework\system\CodeIgniter.php(832): App\Controllers\Tariff->index()
#6 C:\xampp\htdocs\bargou\vendor\codeigniter4\framework\system\CodeIgniter.php(419): CodeIgniter\CodeIgniter->runController(Object(App\Controllers\Tariff))
#7 C:\xampp\htdocs\bargou\vendor\codeigniter4\framework\system\CodeIgniter.php(326): CodeIgniter\CodeIgniter->handleRequest(NULL, Object(Config\Cache), false)
#8 C:\xampp\htdocs\bargou\public\index.php(37): CodeIgniter\CodeIgniter->run()
#9 C:\xampp\htdocs\bargou\vendor\codeigniter4\framework\system\Commands\Server\rewrite.php(43): require_once('C:\\xampp\\htdocs...')
#10 {main}
CRITICAL - 2022-05-08 21:43:47 --> Undefined variable $pageJS
#0 C:\xampp\htdocs\bargou\app\Views\template\footer.php(20): CodeIgniter\Debug\Exceptions->errorHandler(2, 'Undefined varia...', 'C:\\xampp\\htdocs...', 20)
#1 C:\xampp\htdocs\bargou\vendor\codeigniter4\framework\system\View\View.php(210): include('C:\\xampp\\htdocs...')
#2 C:\xampp\htdocs\bargou\vendor\codeigniter4\framework\system\View\View.php(213): CodeIgniter\View\View->CodeIgniter\View\{closure}()
#3 C:\xampp\htdocs\bargou\vendor\codeigniter4\framework\system\Common.php(1089): CodeIgniter\View\View->render('template/footer', Array, true)
#4 C:\xampp\htdocs\bargou\app\Controllers\Tariff.php(14): view('template/footer')
#5 C:\xampp\htdocs\bargou\vendor\codeigniter4\framework\system\CodeIgniter.php(832): App\Controllers\Tariff->index()
#6 C:\xampp\htdocs\bargou\vendor\codeigniter4\framework\system\CodeIgniter.php(419): CodeIgniter\CodeIgniter->runController(Object(App\Controllers\Tariff))
#7 C:\xampp\htdocs\bargou\vendor\codeigniter4\framework\system\CodeIgniter.php(326): CodeIgniter\CodeIgniter->handleRequest(NULL, Object(Config\Cache), false)
#8 C:\xampp\htdocs\bargou\public\index.php(37): CodeIgniter\CodeIgniter->run()
#9 C:\xampp\htdocs\bargou\vendor\codeigniter4\framework\system\Commands\Server\rewrite.php(43): require_once('C:\\xampp\\htdocs...')
#10 {main}
